00:00:00.000 [INFO] [sway/main.c:338] swayfx version 0.4-80c0c506 (Nov  5 2024, branch 'HEAD') (based on sway version 1.9.0)
00:00:00.000 [INFO] [sway/main.c:339] wlroots version 0.17.1
00:00:00.001 [INFO] [sway/main.c:120] Linux computer 6.8.0-48-generic #48-Ubuntu SMP PREEMPT_DYNAMIC Fri Sep 27 14:04:52 UTC 2024 x86_64 x86_64 x86_64 GNU/Linux
00:00:00.001 [INFO] [sway/main.c:136] Contents of /etc/lsb-release:
00:00:00.001 [INFO] [sway/main.c:120] DISTRIB_ID=Ubuntu
00:00:00.001 [INFO] [sway/main.c:120] DISTRIB_RELEASE=24.04
00:00:00.001 [INFO] [sway/main.c:120] DISTRIB_CODENAME=noble
00:00:00.001 [INFO] [sway/main.c:120] DISTRIB_DESCRIPTION="Ubuntu 24.04.1 LTS"
00:00:00.001 [INFO] [sway/main.c:136] Contents of /etc/os-release:
00:00:00.001 [INFO] [sway/main.c:120] PRETTY_NAME="Ubuntu 24.04.1 LTS"
00:00:00.001 [INFO] [sway/main.c:120] NAME="Ubuntu"
00:00:00.001 [INFO] [sway/main.c:120] VERSION_ID="24.04"
00:00:00.001 [INFO] [sway/main.c:120] VERSION="24.04.1 LTS (Noble Numbat)"
00:00:00.001 [INFO] [sway/main.c:120] VERSION_CODENAME=noble
00:00:00.001 [INFO] [sway/main.c:120] ID=ubuntu
00:00:00.001 [INFO] [sway/main.c:120] ID_LIKE=debian
00:00:00.001 [INFO] [sway/main.c:120] HOME_URL="https://www.ubuntu.com/"
00:00:00.001 [INFO] [sway/main.c:120] SUPPORT_URL="https://help.ubuntu.com/"
00:00:00.001 [INFO] [sway/main.c:120] BUG_REPORT_URL="https://bugs.launchpad.net/ubuntu/"
00:00:00.001 [INFO] [sway/main.c:120] PRIVACY_POLICY_URL="https://www.ubuntu.com/legal/terms-and-policies/privacy-policy"
00:00:00.001 [INFO] [sway/main.c:120] UBUNTU_CODENAME=noble
00:00:00.001 [INFO] [sway/main.c:120] LOGO=ubuntu-logo
00:00:00.001 [INFO] [sway/main.c:136] Contents of /etc/debian_version:
00:00:00.002 [INFO] [sway/main.c:120] trixie/sid
00:00:00.002 [INFO] [sway/main.c:108] LD_LIBRARY_PATH=
00:00:00.002 [INFO] [sway/main.c:108] LD_PRELOAD=
00:00:00.002 [INFO] [sway/main.c:108] PATH=/home/user/.pyenv/plugins/pyenv-virtualenv/shims:/home/user/.pyenv/shims:/home/user/.pyenv/bin:/home/user/bin:/home/user/.local/bin:/usr/local/bin:/usr/local/sbin:/usr/local/bin:/usr/sbin:/usr/bin:/sbin:/bin:/usr/games:/usr/local/games:/snap/bin:/opt/nvim/
00:00:00.002 [INFO] [sway/main.c:108] SWAYSOCK=
00:00:00.002 [INFO] [sway/main.c:376] Starting swayfx version 0.4-80c0c506 (Nov  5 2024, branch 'HEAD') (based on sway version 1.9.0)
00:00:00.002 [DEBUG] [sway/server.c:131] Initializing Wayland server
00:00:00.002 [INFO] [wlr] [libseat] [libseat/libseat.c:73] Seat opened with backend 'seatd'
00:00:00.002 [INFO] [wlr] [libseat] [libseat/backend/seatd.c:212] Enabling seat
00:00:00.002 [INFO] [wlr] [backend/session/session.c:109] Successfully loaded libseat session
00:00:00.002 [ERROR] [wlr] [backend/backend.c:242] Cannot create DRM backend: disabled at compile-time
00:00:00.002 [ERROR] [wlr] [backend/backend.c:376] Failed to open any DRM device
00:00:00.052 [ERROR] [sway/server.c:139] Unable to create backend
